<?xml version="1.0" encoding="UTF-8"?>
<testng-results ignored="0" total="1" passed="1" failed="0" skipped="0">
  <reporter-output>
  </reporter-output>
  <suite started-at="2024-05-29T15:35:20 IST" name="Suite" finished-at="2024-05-29T15:35:27 IST" duration-ms="6803">
    <groups>
    </groups>
    <test started-at="2024-05-29T15:35:20 IST" name="LoginTest" finished-at="2024-05-29T15:35:27 IST" duration-ms="6803">
      <class name="mypack.LoginPageTest">
        <test-method is-config="true" signature="setup()[pri:0, instance:mypack.LoginPageTest@5d0a1059]" started-at="2024-05-29T15:35:20 IST" name="setup" finished-at="2024-05-29T15:35:22 IST" duration-ms="1689" status="PASS">
          <reporter-output>
          </reporter-output>
        </test-method> <!-- setup -->
        <test-method signature="loginTest()[pri:0, instance:mypack.LoginPageTest@5d0a1059]" started-at="2024-05-29T15:35:22 IST" name="loginTest" finished-at="2024-05-29T15:35:27 IST" duration-ms="4956" status="PASS">
          <reporter-output>
          </reporter-output>
        </test-method> <!-- loginTest -->
        <test-method is-config="true" signature="teardown()[pri:0, instance:mypack.LoginPageTest@5d0a1059]" started-at="2024-05-29T15:35:27 IST" name="teardown" finished-at="2024-05-29T15:35:27 IST" duration-ms="115" status="PASS">
          <reporter-output>
          </reporter-output>
        </test-method> <!-- teardown -->
      </class> <!-- mypack.LoginPageTest -->
    </test> <!-- LoginTest -->
  </suite> <!-- Suite -->
</testng-results>
